[25717:22799:0810/111648:WARNING:dns_config_service_posix.cc(143)] dns_config has unhandled options!
[25717:34819:0810/111648:WARNING:address_sorter_posix.cc(377)] FromSockAddr failed on netmask
[25717:34819:0810/111648:WARNING:address_sorter_posix.cc(377)] FromSockAddr failed on netmask
[25717:34819:0810/111648:WARNING:address_sorter_posix.cc(377)] FromSockAddr failed on netmask
[25717:34819:0810/111648:WARNING:address_sorter_posix.cc(377)] FromSockAddr failed on netmask
[25717:34819:0810/111648:WARNING:address_sorter_posix.cc(377)] FromSockAddr failed on netmask
[25717:34819:0810/111648:WARNING:address_sorter_posix.cc(377)] FromSockAddr failed on netmask
[25717:34819:0810/111650:WARNING:data_reduction_proxy_config.cc(423)] SPDY proxy OFF at startup
[25717:1299:0810/111650:ERROR:bluetooth_adapter_mac.mm(100)] Not implemented reached in virtual bool device::BluetoothAdapterMac::IsDiscoverable() const
[25717:34819:0810/111651:WARNING:spdy_session.cc(2342)] Received HEADERS for invalid stream 7
[25717:1299:0810/111651:INFO:CONSOLE(8)] "SW registered", source: https://www.google.com/_/chrome/newtab?espv=2&ie=UTF-8 (8)
[25717:1299:0810/111701:INFO:CONSOLE(15751)] "DEBUG: -------------------------------", source: http://faze-web.dev/assets/vendor.js (15751)
[25717:1299:0810/111701:INFO:CONSOLE(15751)] "DEBUG: Ember      : 1.11.3", source: http://faze-web.dev/assets/vendor.js (15751)
[25717:1299:0810/111701:INFO:CONSOLE(15751)] "DEBUG: Ember Data : 1.0.0-beta.17", source: http://faze-web.dev/assets/vendor.js (15751)
[25717:1299:0810/111701:INFO:CONSOLE(15751)] "DEBUG: jQuery     : 1.11.3", source: http://faze-web.dev/assets/vendor.js (15751)
[25717:1299:0810/111701:INFO:CONSOLE(15751)] "DEBUG: -------------------------------", source: http://faze-web.dev/assets/vendor.js (15751)
[25717:1299:0810/111708:INFO:CONSOLE(15751)] "DEBUG: For more advanced debugging, install the Ember Inspector from https://chrome.google.com/webstore/detail/ember-inspector/bmdblncegkenkacieihfhpjfppoconhi", source: http://faze-web.dev/assets/vendor.js (15751)
[25717:1299:0810/111709:INFO:CONSOLE(6581)] "userSession=", source: http://faze-web.dev/assets/faze.js (6581)
[25717:1299:0810/111710:INFO:CONSOLE(1812)] "BOOTSTRAPPING EVENT...", source: http://faze-web.dev/assets/faze.js (1812)
[25717:1299:0810/111710:INFO:CONSOLE(1816)] "io namespace created!", source: http://faze-web.dev/assets/faze.js (1816)
[25717:1299:0810/111710:INFO:CONSOLE(1822)] "io onError bound!", source: http://faze-web.dev/assets/faze.js (1822)
[25717:1299:0810/111710:INFO:CONSOLE(1859)] "io onConnect bound!", source: http://faze-web.dev/assets/faze.js (1859)
[25717:1299:0810/111710:INFO:CONSOLE(1866)] "io onReconnect bound!", source: http://faze-web.dev/assets/faze.js (1866)
[25717:1299:0810/111710:INFO:CONSOLE(1868)] "io connect() called!", source: http://faze-web.dev/assets/faze.js (1868)
[25717:1299:0810/111710:INFO:CONSOLE(1531)] "Host paused event.", source: http://faze-web.dev/assets/faze.js (1531)
[25717:1299:0810/111711:INFO:CONSOLE(952)] "recordingIds=", source: http://faze-web.dev/assets/faze.js (952)
[25717:1299:0810/111716:INFO:CONSOLE(7473)] "Socket.io connected to http://localhost:7000/event.", source: http://faze-web.dev/assets/faze.js (7473)
[25717:1299:0810/111716:INFO:CONSOLE(1855)] "@triggering websocket-connected", source: http://faze-web.dev/assets/faze.js (1855)
[25717:1299:0810/111716:INFO:CONSOLE(1875)] "@onWebsocket-connected triggered!", source: http://faze-web.dev/assets/faze.js (1875)
[25717:1299:0810/111716:INFO:CONSOLE(1876)] "calling @connectEvent()", source: http://faze-web.dev/assets/faze.js (1876)
[25717:1299:0810/111716:INFO:CONSOLE(1142)] "connectEvent checking if logged in and if model exists...", source: http://faze-web.dev/assets/faze.js (1142)
[25717:1299:0810/111716:INFO:CONSOLE(1148)] "connectEvent: model && auth.isSignedIn is not both true, moving on...", source: http://faze-web.dev/assets/faze.js (1148)
[25717:1299:0810/111716:INFO:CONSOLE(1319)] "connectEvent: @io BOUND!", source: http://faze-web.dev/assets/faze.js (1319)
[25717:1299:0810/111717:INFO:CONSOLE(1152)] "@io.on 'enter-event': triggered!", source: http://faze-web.dev/assets/faze.js (1152)
[25717:1299:0810/111717:INFO:CONSOLE(1153)] "@io.on 'enter-event': updating auth!", source: http://faze-web.dev/assets/faze.js (1153)
[25717:1299:0810/111717:INFO:CONSOLE(1160)] "@io.on 'enter-event': checking @get('isCompatible') && @get('model.room_key') && !@get('isEnded')", source: http://faze-web.dev/assets/faze.js (1160)
[25717:1299:0810/111717:INFO:CONSOLE(1162)] "@io.on 'enter-event': 3 checks passed", source: http://faze-web.dev/assets/faze.js (1162)
[25717:1299:0810/111717:INFO:CONSOLE(1163)] "@io.on 'enter-event': calling @connectSession()!", source: http://faze-web.dev/assets/faze.js (1163)
[25717:1299:0810/111717:INFO:CONSOLE(1165)] "@io.on 'enter-event': calling @checkIn()!", source: http://faze-web.dev/assets/faze.js (1165)
[25717:1299:0810/111717:INFO:CONSOLE(1167)] "@io.on 'enter-event': calling @set('showOverlayMessage',true)!", source: http://faze-web.dev/assets/faze.js (1167)
[25717:1299:0810/111717:INFO:CONSOLE(1169)] "@io.on 'enter-event': checking if !@get('userSession.session_key') && !@get('isHost') && !@get('isEnded')", source: http://faze-web.dev/assets/faze.js (1169)
[25717:1299:0810/111717:INFO:CONSOLE(1175)] "@io.on 'enter-event': triggering 'entered-event'", source: http://faze-web.dev/assets/faze.js (1175)
[25717:1299:0810/111717:INFO:CONSOLE(1882)] "@on entered-event triggered!", source: http://faze-web.dev/assets/faze.js (1882)
[25717:1299:0810/111717:INFO:CONSOLE(1883)] "@on entered-event: checking if @get('isRunningOrPaused') && @get('isHost')", source: http://faze-web.dev/assets/faze.js (1883)
[25717:1299:0810/111717:INFO:CONSOLE(1892)] "@on entered-event: FALSE: @get('isRunningOrPaused') && @get('isHost')", source: http://faze-web.dev/assets/faze.js (1892)
[25717:1299:0810/111717:INFO:CONSOLE(1893)] "@on entered-event: TRUE: @get('isRunningOrPaused') && !@get('isHost') && !@get('userSession.session_key')", source: http://faze-web.dev/assets/faze.js (1893)
[25717:1299:0810/111717:INFO:CONSOLE(1239)] "Updated viewer count 9.", source: http://faze-web.dev/assets/faze.js (1239)
[25717:1299:0810/111717:INFO:CONSOLE(1192)] "Auth updated!", source: http://faze-web.dev/assets/faze.js (1192)
[25717:1299:0810/111720:INFO:CONSOLE(1407)] "Currently chatting has changed!", source: http://faze-web.dev/assets/faze.js (1407)
[25717:1299:0810/111720:INFO:CONSOLE(1220)] "CURRENTLY CHATTING CHANGED!", source: http://faze-web.dev/assets/faze.js (1220)
[25717:1299:0810/111720:INFO:CONSOLE(1239)] "Updated viewer count 10.", source: http://faze-web.dev/assets/faze.js (1239)
[25717:1299:0810/111721:INFO:CONSOLE(1210)] "Updating everyones status...", source: http://faze-web.dev/assets/faze.js (1210)
[25733:1299:0810/111723:WARNING:keycode_converter.cc(91)] empty code string
[25733:1299:0810/111723:WARNING:keycode_converter.cc(91)] empty code string
[25733:1299:0810/111723:WARNING:keycode_converter.cc(91)] empty code string
[25733:1299:0810/111723:WARNING:keycode_converter.cc(91)] empty code string
[25733:1299:0810/111723:WARNING:keycode_converter.cc(91)] empty code string
[25733:1299:0810/111723:WARNING:keycode_converter.cc(91)] empty code string
[25733:1299:0810/111723:WARNING:keycode_converter.cc(91)] empty code string
[25733:1299:0810/111723:WARNING:keycode_converter.cc(91)] empty code string
[25733:1299:0810/111723:WARNING:keycode_converter.cc(91)] empty code string
[25733:1299:0810/111723:WARNING:keycode_converter.cc(91)] empty code string
[25733:1299:0810/111723:WARNING:keycode_converter.cc(91)] empty code string
[25733:1299:0810/111724:WARNING:keycode_converter.cc(91)] empty code string
[25733:1299:0810/111724:WARNING:keycode_converter.cc(91)] empty code string
[25733:1299:0810/111724:WARNING:keycode_converter.cc(91)] empty code string
[25733:1299:0810/111724:WARNING:keycode_converter.cc(91)] empty code string
[25733:1299:0810/111724:WARNING:keycode_converter.cc(91)] empty code string
[25733:1299:0810/111724:WARNING:keycode_converter.cc(91)] empty code string
[25733:1299:0810/111724:WARNING:keycode_converter.cc(91)] empty code string
[25733:1299:0810/111724:WARNING:keycode_converter.cc(91)] empty code string
[25733:1299:0810/111724:WARNING:keycode_converter.cc(91)] empty code string
[25733:1299:0810/111724:WARNING:keycode_converter.cc(91)] empty code string
[25733:1299:0810/111724:WARNING:keycode_converter.cc(91)] empty code string
[25733:1299:0810/111724:WARNING:keycode_converter.cc(91)] empty code string
[25733:1299:0810/111724:WARNING:keycode_converter.cc(91)] empty code string
[25733:1299:0810/111724:WARNING:keycode_converter.cc(91)] empty code string
[25733:1299:0810/111725:WARNING:keycode_converter.cc(91)] empty code string
[25733:1299:0810/111725:WARNING:keycode_converter.cc(91)] empty code string
[25733:1299:0810/111725:WARNING:keycode_converter.cc(91)] empty code string
[25733:1299:0810/111725:WARNING:keycode_converter.cc(91)] empty code string
[25733:1299:0810/111725:WARNING:keycode_converter.cc(91)] empty code string
[25733:1299:0810/111725:WARNING:keycode_converter.cc(91)] empty code string
[25733:1299:0810/111725:WARNING:keycode_converter.cc(91)] empty code string
[25733:1299:0810/111725:WARNING:keycode_converter.cc(91)] empty code string
[25717:1299:0810/111726:INFO:CONSOLE(1239)] "Updated viewer count 11.", source: http://faze-web.dev/assets/faze.js (1239)
[25717:1299:0810/111729:INFO:CONSOLE(1826)] "auth onLoggedIn Called!", source: http://faze-web.dev/assets/faze.js (1826)
[25717:1299:0810/111729:INFO:CONSOLE(1827)] "auth.onLoggedIn: emitting update-auth", source: http://faze-web.dev/assets/faze.js (1827)
[25717:1299:0810/111729:INFO:CONSOLE(1834)] "auth.onLoggedIn: checking if @get('userSession')", source: http://faze-web.dev/assets/faze.js (1834)
[25717:1299:0810/111729:INFO:CONSOLE(1846)] "auth.onLoggedIn: userSession not found...", source: http://faze-web.dev/assets/faze.js (1846)
[25717:1299:0810/111729:INFO:CONSOLE(1847)] "auth.onLoggedIn: checking if @get('auth.isSignedIn') && !@get('isHost') && !@get('isEnded') && !@get('userSession.session_key')", source: http://faze-web.dev/assets/faze.js (1847)
[25717:1299:0810/111729:INFO:CONSOLE(1849)] "auth.onLoggedIn: TRUE: @get('auth.isSignedIn') && !@get('isHost') && !@get('isEnded') && !@get('userSession.session_key')", source: http://faze-web.dev/assets/faze.js (1849)
[25717:1299:0810/111729:INFO:CONSOLE(1850)] "calling @send('joinGuest')", source: http://faze-web.dev/assets/faze.js (1850)
[25717:1299:0810/111729:INFO:CONSOLE(1776)] "joinGuest called!", source: http://faze-web.dev/assets/faze.js (1776)
[25717:1299:0810/111729:INFO:CONSOLE(1778)] "JOIN GUEST EMITTED TO WEBSOCKET", source: http://faze-web.dev/assets/faze.js (1778)
[25717:1299:0810/111729:INFO:CONSOLE(1192)] "Auth updated!", source: http://faze-web.dev/assets/faze.js (1192)
[25717:1299:0810/111730:INFO:CONSOLE(1210)] "Updating everyones status...", source: http://faze-web.dev/assets/faze.js (1210)
[25717:1299:0810/111730:INFO:CONSOLE(1152)] "@io.on 'enter-event': triggered!", source: http://faze-web.dev/assets/faze.js (1152)
[25717:1299:0810/111730:INFO:CONSOLE(1153)] "@io.on 'enter-event': updating auth!", source: http://faze-web.dev/assets/faze.js (1153)
[25717:1299:0810/111730:INFO:CONSOLE(1160)] "@io.on 'enter-event': checking @get('isCompatible') && @get('model.room_key') && !@get('isEnded')", source: http://faze-web.dev/assets/faze.js (1160)
[25717:1299:0810/111730:INFO:CONSOLE(1162)] "@io.on 'enter-event': 3 checks passed", source: http://faze-web.dev/assets/faze.js (1162)
[25717:1299:0810/111730:INFO:CONSOLE(1163)] "@io.on 'enter-event': calling @connectSession()!", source: http://faze-web.dev/assets/faze.js (1163)
[25717:1299:0810/111730:INFO:CONSOLE(1165)] "@io.on 'enter-event': calling @checkIn()!", source: http://faze-web.dev/assets/faze.js (1165)
[25717:1299:0810/111731:INFO:CONSOLE(1167)] "@io.on 'enter-event': calling @set('showOverlayMessage',true)!", source: http://faze-web.dev/assets/faze.js (1167)
[25717:1299:0810/111731:INFO:CONSOLE(1169)] "@io.on 'enter-event': checking if !@get('userSession.session_key') && !@get('isHost') && !@get('isEnded')", source: http://faze-web.dev/assets/faze.js (1169)
[25717:1299:0810/111731:INFO:CONSOLE(1171)] "@io.on 'enter-event': !@get('userSession.session_key') && !@get('isHost') && !@get('isEnded') ARE ALL TRUE", source: http://faze-web.dev/assets/faze.js (1171)
[25717:1299:0810/111731:INFO:CONSOLE(1172)] "@io.on 'enter-event': calling @send('joinGuest')!", source: http://faze-web.dev/assets/faze.js (1172)
[25717:1299:0810/111731:INFO:CONSOLE(1776)] "joinGuest called!", source: http://faze-web.dev/assets/faze.js (1776)
[25717:1299:0810/111731:INFO:CONSOLE(1778)] "JOIN GUEST EMITTED TO WEBSOCKET", source: http://faze-web.dev/assets/faze.js (1778)
[25717:1299:0810/111731:INFO:CONSOLE(1175)] "@io.on 'enter-event': triggering 'entered-event'", source: http://faze-web.dev/assets/faze.js (1175)
[25717:1299:0810/111731:INFO:CONSOLE(1882)] "@on entered-event triggered!", source: http://faze-web.dev/assets/faze.js (1882)
[25717:1299:0810/111731:INFO:CONSOLE(1883)] "@on entered-event: checking if @get('isRunningOrPaused') && @get('isHost')", source: http://faze-web.dev/assets/faze.js (1883)
[25717:1299:0810/111731:INFO:CONSOLE(1892)] "@on entered-event: FALSE: @get('isRunningOrPaused') && @get('isHost')", source: http://faze-web.dev/assets/faze.js (1892)
[25717:1299:0810/111731:INFO:CONSOLE(1893)] "@on entered-event: TRUE: @get('isRunningOrPaused') && !@get('isHost') && !@get('userSession.session_key')", source: http://faze-web.dev/assets/faze.js (1893)
[25717:1299:0810/111731:INFO:CONSOLE(1198)] "@io.on 'join': YOU JOINED THE EVENT!", source: http://faze-web.dev/assets/faze.js (1198)
[25717:1299:0810/111731:INFO:CONSOLE(1239)] "Updated viewer count 11.", source: http://faze-web.dev/assets/faze.js (1239)
[25717:1299:0810/111731:INFO:CONSOLE(1239)] "Updated viewer count 11.", source: http://faze-web.dev/assets/faze.js (1239)
[25717:1299:0810/111731:INFO:CONSOLE(1192)] "Auth updated!", source: http://faze-web.dev/assets/faze.js (1192)
[25717:1299:0810/111732:INFO:CONSOLE(1152)] "@io.on 'enter-event': triggered!", source: http://faze-web.dev/assets/faze.js (1152)
[25717:1299:0810/111732:INFO:CONSOLE(1153)] "@io.on 'enter-event': updating auth!", source: http://faze-web.dev/assets/faze.js (1153)
[25717:1299:0810/111732:INFO:CONSOLE(1160)] "@io.on 'enter-event': checking @get('isCompatible') && @get('model.room_key') && !@get('isEnded')", source: http://faze-web.dev/assets/faze.js (1160)
[25717:1299:0810/111732:INFO:CONSOLE(1162)] "@io.on 'enter-event': 3 checks passed", source: http://faze-web.dev/assets/faze.js (1162)
[25717:1299:0810/111732:INFO:CONSOLE(1163)] "@io.on 'enter-event': calling @connectSession()!", source: http://faze-web.dev/assets/faze.js (1163)
[25717:1299:0810/111732:INFO:CONSOLE(1386)] "Trying to connect to RTC...", source: http://faze-web.dev/assets/faze.js (1386)
[25717:1299:0810/111732:INFO:CONSOLE(1388)] "Connecting to session...", source: http://faze-web.dev/assets/faze.js (1388)
[25717:1299:0810/111732:INFO:CONSOLE(89001)] "{"tokenId":"55c8c089d11c8e656395d862","host":"localhost:8080","secure":false,"signature":"MTU5MTZiZWVkMDZiZThmNTg1MDRmYWRjNzYzNDBhNzE2ZGVhZDg5Yw=="}", source: http://faze-web.dev/assets/vendor.js (89001)
[25717:1299:0810/111732:INFO:CONSOLE(88827)] "token=", source: http://faze-web.dev/assets/vendor.js (88827)
[25717:1299:0810/111732:INFO:CONSOLE(1165)] "@io.on 'enter-event': calling @checkIn()!", source: http://faze-web.dev/assets/faze.js (1165)
[25717:1299:0810/111732:INFO:CONSOLE(1167)] "@io.on 'enter-event': calling @set('showOverlayMessage',true)!", source: http://faze-web.dev/assets/faze.js (1167)
[25717:1299:0810/111732:INFO:CONSOLE(1169)] "@io.on 'enter-event': checking if !@get('userSession.session_key') && !@get('isHost') && !@get('isEnded')", source: http://faze-web.dev/assets/faze.js (1169)
[25717:1299:0810/111732:INFO:CONSOLE(1175)] "@io.on 'enter-event': triggering 'entered-event'", source: http://faze-web.dev/assets/faze.js (1175)
[25717:1299:0810/111732:INFO:CONSOLE(1882)] "@on entered-event triggered!", source: http://faze-web.dev/assets/faze.js (1882)
[25717:1299:0810/111732:INFO:CONSOLE(1883)] "@on entered-event: checking if @get('isRunningOrPaused') && @get('isHost')", source: http://faze-web.dev/assets/faze.js (1883)
[25717:1299:0810/111732:INFO:CONSOLE(1895)] "@on entered-event: FALSE: @get('isRunningOrPaused') && !@get('isHost') && !@get('userSession')", source: http://faze-web.dev/assets/faze.js (1895)
[25717:1299:0810/111732:INFO:CONSOLE(1896)] "@on entered-event: inside of ELSE", source: http://faze-web.dev/assets/faze.js (1896)
[25717:1299:0810/111732:INFO:CONSOLE(1198)] "@io.on 'join': YOU JOINED THE EVENT!", source: http://faze-web.dev/assets/faze.js (1198)
[25717:1299:0810/111732:INFO:CONSOLE(1239)] "Updated viewer count 11.", source: http://faze-web.dev/assets/faze.js (1239)
[25717:1299:0810/111732:INFO:CONSOLE(1239)] "Updated viewer count 11.", source: http://faze-web.dev/assets/faze.js (1239)
[25717:1299:0810/111732:INFO:CONSOLE(1239)] "Updated viewer count 11.", source: http://faze-web.dev/assets/faze.js (1239)
[25717:1299:0810/111732:INFO:CONSOLE(1192)] "Auth updated!", source: http://faze-web.dev/assets/faze.js (1192)
[25717:1299:0810/111732:INFO:CONSOLE(89417)] "INFO: ", source: http://faze-web.dev/assets/vendor.js (89417)
[25717:1299:0810/111732:INFO:CONSOLE(89417)] "DEBUG: ", source: http://faze-web.dev/assets/vendor.js (89417)
[25717:1299:0810/111732:INFO:CONSOLE(1068)] "onIsConnected? true", source: http://faze-web.dev/assets/faze.js (1068)
[25717:1299:0810/111732:INFO:CONSOLE(1073)] "Connected to room!", source: http://faze-web.dev/assets/faze.js (1073)
[25717:1299:0810/111732:INFO:CONSOLE(1039)] "[on streamCreated] Streams array not found, creating it again.", source: http://faze-web.dev/assets/faze.js (1039)
[25717:1299:0810/111732:INFO:CONSOLE(804)] "Chatting Stream=", source: http://faze-web.dev/assets/faze.js (804)
[25717:1299:0810/111732:INFO:CONSOLE(1048)] "[on streamCreated] Joshua F. Rountree's stream created.", source: http://faze-web.dev/assets/faze.js (1048)
[25717:1299:0810/111732:INFO:CONSOLE(804)] "Chatting Stream=", source: http://faze-web.dev/assets/faze.js (804)
[25717:1299:0810/111732:INFO:CONSOLE(1062)] "[on streamCreated] Joshua F. Rountree's stream pushed to streams array.", source: http://faze-web.dev/assets/faze.js (1062)
[25717:1299:0810/111732:INFO:CONSOLE(1063)] "Joshua F. Rountree connected to session.", source: http://faze-web.dev/assets/faze.js (1063)
[25717:1299:0810/111732:INFO:CONSOLE(1048)] "[on streamCreated] Armando Campbell's stream created.", source: http://faze-web.dev/assets/faze.js (1048)
[25717:1299:0810/111732:INFO:CONSOLE(804)] "Chatting Stream=", source: http://faze-web.dev/assets/faze.js (804)
[25717:1299:0810/111732:INFO:CONSOLE(1062)] "[on streamCreated] Armando Campbell's stream pushed to streams array.", source: http://faze-web.dev/assets/faze.js (1062)
[25717:1299:0810/111732:INFO:CONSOLE(1063)] "Armando Campbell connected to session.", source: http://faze-web.dev/assets/faze.js (1063)
[25717:1299:0810/111732:INFO:CONSOLE(1048)] "[on streamCreated] Deanna Kim's stream created.", source: http://faze-web.dev/assets/faze.js (1048)
[25717:1299:0810/111732:INFO:CONSOLE(804)] "Chatting Stream=", source: http://faze-web.dev/assets/faze.js (804)
[25717:1299:0810/111732:INFO:CONSOLE(1062)] "[on streamCreated] Deanna Kim's stream pushed to streams array.", source: http://faze-web.dev/assets/faze.js (1062)
[25717:1299:0810/111732:INFO:CONSOLE(1063)] "Deanna Kim connected to session.", source: http://faze-web.dev/assets/faze.js (1063)
[25717:1299:0810/111732:INFO:CONSOLE(4451)] "Deanna Kim is now chatting.", source: http://faze-web.dev/assets/faze.js (4451)
[25717:1299:0810/111732:INFO:CONSOLE(4526)] "Deanna Kim's stream VIEW rendered.", source: http://faze-web.dev/assets/faze.js (4526)
[25717:1299:0810/111732:INFO:CONSOLE(4529)] "video-stream streamObj=", source: http://faze-web.dev/assets/faze.js (4529)
[25717:1299:0810/111732:INFO:CONSOLE(88980)] "[object Object]", source: http://faze-web.dev/assets/vendor.js (88980)
[25717:1299:0810/111732:INFO:CONSOLE(89417)] "INFO: ", source: http://faze-web.dev/assets/vendor.js (89417)
[25717:1299:0810/111732:INFO:CONSOLE(4451)] "Armando Campbell is now up_next.", source: http://faze-web.dev/assets/faze.js (4451)
[25717:1299:0810/111733:INFO:CONSOLE(4526)] "Armando Campbell's stream VIEW rendered.", source: http://faze-web.dev/assets/faze.js (4526)
[25717:1299:0810/111733:INFO:CONSOLE(4529)] "video-stream streamObj=", source: http://faze-web.dev/assets/faze.js (4529)
[25717:1299:0810/111733:INFO:CONSOLE(88980)] "[object Object]", source: http://faze-web.dev/assets/vendor.js (88980)
[25717:1299:0810/111733:INFO:CONSOLE(89417)] "INFO: ", source: http://faze-web.dev/assets/vendor.js (89417)
[25717:1299:0810/111733:INFO:CONSOLE(4451)] "Joshua F. Rountree is now chatting.", source: http://faze-web.dev/assets/faze.js (4451)
[25717:1299:0810/111733:INFO:CONSOLE(4526)] "Joshua F. Rountree's stream VIEW rendered.", source: http://faze-web.dev/assets/faze.js (4526)
[25717:1299:0810/111733:INFO:CONSOLE(4529)] "video-stream streamObj=", source: http://faze-web.dev/assets/faze.js (4529)
[25717:1299:0810/111733:INFO:CONSOLE(88980)] "[object Object]", source: http://faze-web.dev/assets/vendor.js (88980)
[25717:1299:0810/111733:INFO:CONSOLE(89417)] "INFO: ", source: http://faze-web.dev/assets/vendor.js (89417)
[25717:1299:0810/111735:INFO:CONSOLE(1239)] "Updated viewer count 11.", source: http://faze-web.dev/assets/faze.js (1239)
[25717:1299:0810/111735:INFO:CONSOLE(1239)] "Updated viewer count 11.", source: http://faze-web.dev/assets/faze.js (1239)
[25717:1299:0810/111735:INFO:CONSOLE(1239)] "Updated viewer count 11.", source: http://faze-web.dev/assets/faze.js (1239)
[25717:1299:0810/111736:INFO:CONSOLE(1239)] "Updated viewer count 11.", source: http://faze-web.dev/assets/faze.js (1239)
[25717:1299:0810/111736:INFO:CONSOLE(1239)] "Updated viewer count 11.", source: http://faze-web.dev/assets/faze.js (1239)
[25717:1299:0810/111736:INFO:CONSOLE(1239)] "Updated viewer count 11.", source: http://faze-web.dev/assets/faze.js (1239)
[25717:1299:0810/111738:INFO:CONSOLE(1210)] "Updating everyones status...", source: http://faze-web.dev/assets/faze.js (1210)
[25717:1299:0810/111738:INFO:CONSOLE(1210)] "Updating everyones status...", source: http://faze-web.dev/assets/faze.js (1210)
[25717:1299:0810/111738:INFO:CONSOLE(1210)] "Updating everyones status...", source: http://faze-web.dev/assets/faze.js (1210)
[25717:1299:0810/111739:INFO:CONSOLE(1239)] "Updated viewer count 10.", source: http://faze-web.dev/assets/faze.js (1239)
[25717:1299:0810/111739:INFO:CONSOLE(1239)] "Updated viewer count 10.", source: http://faze-web.dev/assets/faze.js (1239)
[25717:1299:0810/111739:INFO:CONSOLE(1239)] "Updated viewer count 10.", source: http://faze-web.dev/assets/faze.js (1239)
[25717:1299:0810/111744:INFO:CONSOLE(1794)] "JOINING TO MEET!", source: http://faze-web.dev/assets/faze.js (1794)
[25717:1299:0810/111745:INFO:CONSOLE(1152)] "@io.on 'enter-event': triggered!", source: http://faze-web.dev/assets/faze.js (1152)
[25717:1299:0810/111745:INFO:CONSOLE(1153)] "@io.on 'enter-event': updating auth!", source: http://faze-web.dev/assets/faze.js (1153)
[25717:1299:0810/111745:INFO:CONSOLE(1160)] "@io.on 'enter-event': checking @get('isCompatible') && @get('model.room_key') && !@get('isEnded')", source: http://faze-web.dev/assets/faze.js (1160)
[25717:1299:0810/111745:INFO:CONSOLE(1162)] "@io.on 'enter-event': 3 checks passed", source: http://faze-web.dev/assets/faze.js (1162)
[25717:1299:0810/111745:INFO:CONSOLE(1163)] "@io.on 'enter-event': calling @connectSession()!", source: http://faze-web.dev/assets/faze.js (1163)
[25717:1299:0810/111745:INFO:CONSOLE(1165)] "@io.on 'enter-event': calling @checkIn()!", source: http://faze-web.dev/assets/faze.js (1165)
[25717:1299:0810/111745:INFO:CONSOLE(1461)] "Checking in... Mon Aug 10 2015 11:17:45 GMT-0400 (EDT)", source: http://faze-web.dev/assets/faze.js (1461)
[25717:1299:0810/111745:INFO:CONSOLE(1167)] "@io.on 'enter-event': calling @set('showOverlayMessage',true)!", source: http://faze-web.dev/assets/faze.js (1167)
[25717:1299:0810/111745:INFO:CONSOLE(1169)] "@io.on 'enter-event': checking if !@get('userSession.session_key') && !@get('isHost') && !@get('isEnded')", source: http://faze-web.dev/assets/faze.js (1169)
[25717:1299:0810/111745:INFO:CONSOLE(1175)] "@io.on 'enter-event': triggering 'entered-event'", source: http://faze-web.dev/assets/faze.js (1175)
[25717:1299:0810/111745:INFO:CONSOLE(1882)] "@on entered-event triggered!", source: http://faze-web.dev/assets/faze.js (1882)
[25717:1299:0810/111745:INFO:CONSOLE(1883)] "@on entered-event: checking if @get('isRunningOrPaused') && @get('isHost')", source: http://faze-web.dev/assets/faze.js (1883)
[25717:1299:0810/111745:INFO:CONSOLE(1895)] "@on entered-event: FALSE: @get('isRunningOrPaused') && !@get('isHost') && !@get('userSession')", source: http://faze-web.dev/assets/faze.js (1895)
[25717:1299:0810/111745:INFO:CONSOLE(1896)] "@on entered-event: inside of ELSE", source: http://faze-web.dev/assets/faze.js (1896)
[25717:1299:0810/111745:INFO:CONSOLE(1198)] "@io.on 'join': YOU JOINED THE EVENT!", source: http://faze-web.dev/assets/faze.js (1198)
[25717:1299:0810/111745:INFO:CONSOLE(1239)] "Updated viewer count 10.", source: http://faze-web.dev/assets/faze.js (1239)
[25717:1299:0810/111745:INFO:CONSOLE(1239)] "Updated viewer count 10.", source: http://faze-web.dev/assets/faze.js (1239)
[25717:1299:0810/111745:INFO:CONSOLE(1239)] "Updated viewer count 10.", source: http://faze-web.dev/assets/faze.js (1239)
[25717:1299:0810/111745:INFO:CONSOLE(1239)] "Updated viewer count 10.", source: http://faze-web.dev/assets/faze.js (1239)
[25717:1299:0810/111746:INFO:CONSOLE(1192)] "Auth updated!", source: http://faze-web.dev/assets/faze.js (1192)
[25717:1299:0810/111748:INFO:CONSOLE(1210)] "Updating everyones status...", source: http://faze-web.dev/assets/faze.js (1210)
[25717:1299:0810/111748:INFO:CONSOLE(1210)] "Updating everyones status...", source: http://faze-web.dev/assets/faze.js (1210)
[25717:1299:0810/111748:INFO:CONSOLE(1210)] "Updating everyones status...", source: http://faze-web.dev/assets/faze.js (1210)
[25717:1299:0810/111749:INFO:CONSOLE(1210)] "Updating everyones status...", source: http://faze-web.dev/assets/faze.js (1210)
[25717:1299:0810/111751:INFO:CONSOLE(4244)] "hide hover card!", source: http://faze-web.dev/assets/faze.js (4244)
[25717:1299:0810/111751:INFO:CONSOLE(15716)] "Uncaught Error: Assertion Failed: calling set on destroyed object", source: http://faze-web.dev/assets/vendor.js (15716)
[25717:1299:0810/111751:INFO:CONSOLE(1461)] "Checking in... Mon Aug 10 2015 11:17:51 GMT-0400 (EDT)", source: http://faze-web.dev/assets/faze.js (1461)
[25717:1299:0810/111757:INFO:CONSOLE(1210)] "Updating everyones status...", source: http://faze-web.dev/assets/faze.js (1210)
[25717:1299:0810/111757:INFO:CONSOLE(1210)] "Updating everyones status...", source: http://faze-web.dev/assets/faze.js (1210)
[25717:1299:0810/111757:INFO:CONSOLE(1461)] "Checking in... Mon Aug 10 2015 11:17:57 GMT-0400 (EDT)", source: http://faze-web.dev/assets/faze.js (1461)
[25717:1299:0810/111758:INFO:CONSOLE(1210)] "Updating everyones status...", source: http://faze-web.dev/assets/faze.js (1210)
[25717:1299:0810/111758:INFO:CONSOLE(1210)] "Updating everyones status...", source: http://faze-web.dev/assets/faze.js (1210)
[25717:1299:0810/111804:INFO:CONSOLE(1461)] "Checking in... Mon Aug 10 2015 11:18:04 GMT-0400 (EDT)", source: http://faze-web.dev/assets/faze.js (1461)
[25717:1299:0810/111805:INFO:CONSOLE(1210)] "Updating everyones status...", source: http://faze-web.dev/assets/faze.js (1210)
[25717:1299:0810/111805:INFO:CONSOLE(1210)] "Updating everyones status...", source: http://faze-web.dev/assets/faze.js (1210)
[25717:1299:0810/111805:INFO:CONSOLE(1210)] "Updating everyones status...", source: http://faze-web.dev/assets/faze.js (1210)
[25717:1299:0810/111805:INFO:CONSOLE(1210)] "Updating everyones status...", source: http://faze-web.dev/assets/faze.js (1210)
[25717:1299:0810/111809:INFO:CONSOLE(1461)] "Checking in... Mon Aug 10 2015 11:18:09 GMT-0400 (EDT)", source: http://faze-web.dev/assets/faze.js (1461)
[25717:1299:0810/111813:INFO:CONSOLE(1210)] "Updating everyones status...", source: http://faze-web.dev/assets/faze.js (1210)
[25717:1299:0810/111813:INFO:CONSOLE(1210)] "Updating everyones status...", source: http://faze-web.dev/assets/faze.js (1210)
[25717:1299:0810/111813:INFO:CONSOLE(1210)] "Updating everyones status...", source: http://faze-web.dev/assets/faze.js (1210)
[25717:1299:0810/111813:INFO:CONSOLE(1210)] "Updating everyones status...", source: http://faze-web.dev/assets/faze.js (1210)
[25717:1299:0810/111815:INFO:CONSOLE(1461)] "Checking in... Mon Aug 10 2015 11:18:15 GMT-0400 (EDT)", source: http://faze-web.dev/assets/faze.js (1461)
[25717:1299:0810/111820:INFO:CONSOLE(1210)] "Updating everyones status...", source: http://faze-web.dev/assets/faze.js (1210)
[25717:1299:0810/111820:INFO:CONSOLE(1210)] "Updating everyones status...", source: http://faze-web.dev/assets/faze.js (1210)
[25717:1299:0810/111820:INFO:CONSOLE(1210)] "Updating everyones status...", source: http://faze-web.dev/assets/faze.js (1210)
[25717:1299:0810/111820:INFO:CONSOLE(1210)] "Updating everyones status...", source: http://faze-web.dev/assets/faze.js (1210)
[25717:1299:0810/111821:INFO:CONSOLE(1461)] "Checking in... Mon Aug 10 2015 11:18:21 GMT-0400 (EDT)", source: http://faze-web.dev/assets/faze.js (1461)
[25717:1299:0810/111827:INFO:CONSOLE(1461)] "Checking in... Mon Aug 10 2015 11:18:27 GMT-0400 (EDT)", source: http://faze-web.dev/assets/faze.js (1461)
[25717:1299:0810/111829:INFO:CONSOLE(1210)] "Updating everyones status...", source: http://faze-web.dev/assets/faze.js (1210)
[25717:1299:0810/111829:INFO:CONSOLE(1210)] "Updating everyones status...", source: http://faze-web.dev/assets/faze.js (1210)
[25717:1299:0810/111830:INFO:CONSOLE(1210)] "Updating everyones status...", source: http://faze-web.dev/assets/faze.js (1210)
[25717:1299:0810/111831:INFO:CONSOLE(1210)] "Updating everyones status...", source: http://faze-web.dev/assets/faze.js (1210)
[25717:1299:0810/111832:INFO:CONSOLE(1461)] "Checking in... Mon Aug 10 2015 11:18:32 GMT-0400 (EDT)", source: http://faze-web.dev/assets/faze.js (1461)
[25717:1299:0810/111838:INFO:CONSOLE(1461)] "Checking in... Mon Aug 10 2015 11:18:38 GMT-0400 (EDT)", source: http://faze-web.dev/assets/faze.js (1461)
[25717:1299:0810/111839:INFO:CONSOLE(1210)] "Updating everyones status...", source: http://faze-web.dev/assets/faze.js (1210)
[25717:1299:0810/111839:INFO:CONSOLE(1210)] "Updating everyones status...", source: http://faze-web.dev/assets/faze.js (1210)
[25717:1299:0810/111839:INFO:CONSOLE(1210)] "Updating everyones status...", source: http://faze-web.dev/assets/faze.js (1210)
[25717:1299:0810/111839:INFO:CONSOLE(1210)] "Updating everyones status...", source: http://faze-web.dev/assets/faze.js (1210)
[25717:1299:0810/111844:INFO:CONSOLE(1239)] "Updated viewer count 10.", source: http://faze-web.dev/assets/faze.js (1239)
[25717:1299:0810/111844:INFO:CONSOLE(1239)] "Updated viewer count 10.", source: http://faze-web.dev/assets/faze.js (1239)
[25717:1299:0810/111844:INFO:CONSOLE(1239)] "Updated viewer count 10.", source: http://faze-web.dev/assets/faze.js (1239)
[25717:1299:0810/111844:INFO:CONSOLE(1239)] "Updated viewer count 10.", source: http://faze-web.dev/assets/faze.js (1239)
[25717:1299:0810/111844:INFO:CONSOLE(1461)] "Checking in... Mon Aug 10 2015 11:18:44 GMT-0400 (EDT)", source: http://faze-web.dev/assets/faze.js (1461)
[25717:1299:0810/111846:INFO:CONSOLE(1239)] "Updated viewer count 10.", source: http://faze-web.dev/assets/faze.js (1239)
[25717:1299:0810/111846:INFO:CONSOLE(1239)] "Updated viewer count 10.", source: http://faze-web.dev/assets/faze.js (1239)
[25717:1299:0810/111846:INFO:CONSOLE(1239)] "Updated viewer count 10.", source: http://faze-web.dev/assets/faze.js (1239)
[25717:1299:0810/111846:INFO:CONSOLE(1239)] "Updated viewer count 10.", source: http://faze-web.dev/assets/faze.js (1239)
[25717:1299:0810/111847:INFO:CONSOLE(1210)] "Updating everyones status...", source: http://faze-web.dev/assets/faze.js (1210)
[25717:1299:0810/111847:INFO:CONSOLE(1210)] "Updating everyones status...", source: http://faze-web.dev/assets/faze.js (1210)
[25717:1299:0810/111847:INFO:CONSOLE(1210)] "Updating everyones status...", source: http://faze-web.dev/assets/faze.js (1210)
[25717:1299:0810/111847:INFO:CONSOLE(1210)] "Updating everyones status...", source: http://faze-web.dev/assets/faze.js (1210)
[25717:1299:0810/111850:INFO:CONSOLE(1461)] "Checking in... Mon Aug 10 2015 11:18:50 GMT-0400 (EDT)", source: http://faze-web.dev/assets/faze.js (1461)
[25717:1299:0810/111856:INFO:CONSOLE(1461)] "Checking in... Mon Aug 10 2015 11:18:56 GMT-0400 (EDT)", source: http://faze-web.dev/assets/faze.js (1461)
[25717:1299:0810/111856:INFO:CONSOLE(1210)] "Updating everyones status...", source: http://faze-web.dev/assets/faze.js (1210)
[25717:1299:0810/111857:INFO:CONSOLE(1210)] "Updating everyones status...", source: http://faze-web.dev/assets/faze.js (1210)
[25717:1299:0810/111857:INFO:CONSOLE(1210)] "Updating everyones status...", source: http://faze-web.dev/assets/faze.js (1210)
[25717:1299:0810/111857:INFO:CONSOLE(1210)] "Updating everyones status...", source: http://faze-web.dev/assets/faze.js (1210)
[25717:1299:0810/111903:INFO:CONSOLE(1461)] "Checking in... Mon Aug 10 2015 11:19:03 GMT-0400 (EDT)", source: http://faze-web.dev/assets/faze.js (1461)
[25717:1299:0810/111905:INFO:CONSOLE(1210)] "Updating everyones status...", source: http://faze-web.dev/assets/faze.js (1210)
[25717:1299:0810/111905:INFO:CONSOLE(1210)] "Updating everyones status...", source: http://faze-web.dev/assets/faze.js (1210)
[25717:1299:0810/111906:INFO:CONSOLE(1210)] "Updating everyones status...", source: http://faze-web.dev/assets/faze.js (1210)
[25717:1299:0810/111906:INFO:CONSOLE(1210)] "Updating everyones status...", source: http://faze-web.dev/assets/faze.js (1210)
[25717:1299:0810/111910:INFO:CONSOLE(1461)] "Checking in... Mon Aug 10 2015 11:19:10 GMT-0400 (EDT)", source: http://faze-web.dev/assets/faze.js (1461)
[25717:1299:0810/111914:INFO:CONSOLE(1210)] "Updating everyones status...", source: http://faze-web.dev/assets/faze.js (1210)
[25717:1299:0810/111914:INFO:CONSOLE(1210)] "Updating everyones status...", source: http://faze-web.dev/assets/faze.js (1210)
[25717:1299:0810/111914:INFO:CONSOLE(1210)] "Updating everyones status...", source: http://faze-web.dev/assets/faze.js (1210)
[25717:1299:0810/111914:INFO:CONSOLE(1210)] "Updating everyones status...", source: http://faze-web.dev/assets/faze.js (1210)
[25717:1299:0810/111916:INFO:CONSOLE(1461)] "Checking in... Mon Aug 10 2015 11:19:16 GMT-0400 (EDT)", source: http://faze-web.dev/assets/faze.js (1461)
[25717:1299:0810/111917:INFO:CONSOLE(1239)] "Updated viewer count 10.", source: http://faze-web.dev/assets/faze.js (1239)
[25717:1299:0810/111917:INFO:CONSOLE(1239)] "Updated viewer count 10.", source: http://faze-web.dev/assets/faze.js (1239)
[25717:1299:0810/111917:INFO:CONSOLE(1239)] "Updated viewer count 10.", source: http://faze-web.dev/assets/faze.js (1239)
[25717:1299:0810/111917:INFO:CONSOLE(1239)] "Updated viewer count 10.", source: http://faze-web.dev/assets/faze.js (1239)
[25717:1299:0810/111918:INFO:CONSOLE(1239)] "Updated viewer count 10.", source: http://faze-web.dev/assets/faze.js (1239)
[25717:1299:0810/111918:INFO:CONSOLE(1239)] "Updated viewer count 10.", source: http://faze-web.dev/assets/faze.js (1239)
[25717:1299:0810/111918:INFO:CONSOLE(1239)] "Updated viewer count 10.", source: http://faze-web.dev/assets/faze.js (1239)
[25717:1299:0810/111918:INFO:CONSOLE(1239)] "Updated viewer count 10.", source: http://faze-web.dev/assets/faze.js (1239)
[25717:1299:0810/111920:INFO:CONSOLE(1239)] "Updated viewer count 10.", source: http://faze-web.dev/assets/faze.js (1239)
[25717:1299:0810/111920:INFO:CONSOLE(1239)] "Updated viewer count 10.", source: http://faze-web.dev/assets/faze.js (1239)
[25717:1299:0810/111920:INFO:CONSOLE(1239)] "Updated viewer count 10.", source: http://faze-web.dev/assets/faze.js (1239)
[25717:1299:0810/111920:INFO:CONSOLE(1239)] "Updated viewer count 10.", source: http://faze-web.dev/assets/faze.js (1239)
[25717:1299:0810/111923:INFO:CONSOLE(1461)] "Checking in... Mon Aug 10 2015 11:19:23 GMT-0400 (EDT)", source: http://faze-web.dev/assets/faze.js (1461)
[25717:1299:0810/111924:INFO:CONSOLE(1210)] "Updating everyones status...", source: http://faze-web.dev/assets/faze.js (1210)
[25717:1299:0810/111924:INFO:CONSOLE(1210)] "Updating everyones status...", source: http://faze-web.dev/assets/faze.js (1210)
[25717:1299:0810/111924:INFO:CONSOLE(1210)] "Updating everyones status...", source: http://faze-web.dev/assets/faze.js (1210)
[25717:1299:0810/111924:INFO:CONSOLE(1210)] "Updating everyones status...", source: http://faze-web.dev/assets/faze.js (1210)
[25717:1299:0810/111929:INFO:CONSOLE(1461)] "Checking in... Mon Aug 10 2015 11:19:29 GMT-0400 (EDT)", source: http://faze-web.dev/assets/faze.js (1461)
[25717:1299:0810/111932:INFO:CONSOLE(1210)] "Updating everyones status...", source: http://faze-web.dev/assets/faze.js (1210)
[25717:1299:0810/111932:INFO:CONSOLE(1210)] "Updating everyones status...", source: http://faze-web.dev/assets/faze.js (1210)
[25717:1299:0810/111932:INFO:CONSOLE(1210)] "Updating everyones status...", source: http://faze-web.dev/assets/faze.js (1210)
[25717:1299:0810/111932:INFO:CONSOLE(1210)] "Updating everyones status...", source: http://faze-web.dev/assets/faze.js (1210)
[25717:1299:0810/111935:INFO:CONSOLE(1461)] "Checking in... Mon Aug 10 2015 11:19:35 GMT-0400 (EDT)", source: http://faze-web.dev/assets/faze.js (1461)
[25717:1299:0810/111942:INFO:CONSOLE(1210)] "Updating everyones status...", source: http://faze-web.dev/assets/faze.js (1210)
[25717:1299:0810/111942:INFO:CONSOLE(1210)] "Updating everyones status...", source: http://faze-web.dev/assets/faze.js (1210)
[25717:1299:0810/111942:INFO:CONSOLE(1461)] "Checking in... Mon Aug 10 2015 11:19:42 GMT-0400 (EDT)", source: http://faze-web.dev/assets/faze.js (1461)
[25717:1299:0810/111942:INFO:CONSOLE(1210)] "Updating everyones status...", source: http://faze-web.dev/assets/faze.js (1210)
[25717:1299:0810/111942:INFO:CONSOLE(1210)] "Updating everyones status...", source: http://faze-web.dev/assets/faze.js (1210)
[25717:1299:0810/111948:INFO:CONSOLE(1461)] "Checking in... Mon Aug 10 2015 11:19:48 GMT-0400 (EDT)", source: http://faze-web.dev/assets/faze.js (1461)
[25717:1299:0810/111950:INFO:CONSOLE(1210)] "Updating everyones status...", source: http://faze-web.dev/assets/faze.js (1210)
[25717:1299:0810/111950:INFO:CONSOLE(1210)] "Updating everyones status...", source: http://faze-web.dev/assets/faze.js (1210)
[25717:1299:0810/111951:INFO:CONSOLE(1210)] "Updating everyones status...", source: http://faze-web.dev/assets/faze.js (1210)
[25717:1299:0810/111951:INFO:CONSOLE(1210)] "Updating everyones status...", source: http://faze-web.dev/assets/faze.js (1210)
[25717:1299:0810/111954:INFO:CONSOLE(1461)] "Checking in... Mon Aug 10 2015 11:19:54 GMT-0400 (EDT)", source: http://faze-web.dev/assets/faze.js (1461)
[25717:1299:0810/111959:INFO:CONSOLE(1210)] "Updating everyones status...", source: http://faze-web.dev/assets/faze.js (1210)
[25717:1299:0810/111959:INFO:CONSOLE(1210)] "Updating everyones status...", source: http://faze-web.dev/assets/faze.js (1210)
[25717:1299:0810/111959:INFO:CONSOLE(1210)] "Updating everyones status...", source: http://faze-web.dev/assets/faze.js (1210)
[25717:1299:0810/111959:INFO:CONSOLE(1210)] "Updating everyones status...", source: http://faze-web.dev/assets/faze.js (1210)
[25717:1299:0810/112000:INFO:CONSOLE(1461)] "Checking in... Mon Aug 10 2015 11:20:00 GMT-0400 (EDT)", source: http://faze-web.dev/assets/faze.js (1461)
[25717:1299:0810/112005:INFO:CONSOLE(1461)] "Checking in... Mon Aug 10 2015 11:20:05 GMT-0400 (EDT)", source: http://faze-web.dev/assets/faze.js (1461)
[25717:1299:0810/112006:INFO:CONSOLE(1210)] "Updating everyones status...", source: http://faze-web.dev/assets/faze.js (1210)
[25717:1299:0810/112006:INFO:CONSOLE(1210)] "Updating everyones status...", source: http://faze-web.dev/assets/faze.js (1210)
[25717:1299:0810/112007:INFO:CONSOLE(1210)] "Updating everyones status...", source: http://faze-web.dev/assets/faze.js (1210)
[25717:1299:0810/112007:INFO:CONSOLE(1210)] "Updating everyones status...", source: http://faze-web.dev/assets/faze.js (1210)
[25717:1299:0810/112011:INFO:CONSOLE(1461)] "Checking in... Mon Aug 10 2015 11:20:11 GMT-0400 (EDT)", source: http://faze-web.dev/assets/faze.js (1461)
[25717:1299:0810/112015:INFO:CONSOLE(1210)] "Updating everyones status...", source: http://faze-web.dev/assets/faze.js (1210)
[25717:1299:0810/112016:INFO:CONSOLE(1210)] "Updating everyones status...", source: http://faze-web.dev/assets/faze.js (1210)
[25717:1299:0810/112016:INFO:CONSOLE(1210)] "Updating everyones status...", source: http://faze-web.dev/assets/faze.js (1210)
[25717:1299:0810/112016:INFO:CONSOLE(1210)] "Updating everyones status...", source: http://faze-web.dev/assets/faze.js (1210)
[25717:1299:0810/112017:INFO:CONSOLE(1461)] "Checking in... Mon Aug 10 2015 11:20:17 GMT-0400 (EDT)", source: http://faze-web.dev/assets/faze.js (1461)
[25717:1299:0810/112023:INFO:CONSOLE(1461)] "Checking in... Mon Aug 10 2015 11:20:23 GMT-0400 (EDT)", source: http://faze-web.dev/assets/faze.js (1461)
[25717:1299:0810/112024:INFO:CONSOLE(1210)] "Updating everyones status...", source: http://faze-web.dev/assets/faze.js (1210)
[25717:1299:0810/112025:INFO:CONSOLE(1210)] "Updating everyones status...", source: http://faze-web.dev/assets/faze.js (1210)
[25717:1299:0810/112025:INFO:CONSOLE(1210)] "Updating everyones status...", source: http://faze-web.dev/assets/faze.js (1210)
[25717:1299:0810/112025:INFO:CONSOLE(1210)] "Updating everyones status...", source: http://faze-web.dev/assets/faze.js (1210)
[25717:1299:0810/112030:INFO:CONSOLE(1461)] "Checking in... Mon Aug 10 2015 11:20:30 GMT-0400 (EDT)", source: http://faze-web.dev/assets/faze.js (1461)
[25717:1299:0810/112033:INFO:CONSOLE(1210)] "Updating everyones status...", source: http://faze-web.dev/assets/faze.js (1210)
[25717:1299:0810/112033:INFO:CONSOLE(1210)] "Updating everyones status...", source: http://faze-web.dev/assets/faze.js (1210)
[25717:1299:0810/112034:INFO:CONSOLE(1210)] "Updating everyones status...", source: http://faze-web.dev/assets/faze.js (1210)
[25717:1299:0810/112034:INFO:CONSOLE(1210)] "Updating everyones status...", source: http://faze-web.dev/assets/faze.js (1210)
[25717:1299:0810/112035:INFO:CONSOLE(1461)] "Checking in... Mon Aug 10 2015 11:20:35 GMT-0400 (EDT)", source: http://faze-web.dev/assets/faze.js (1461)
[25717:1299:0810/112037:INFO:CONSOLE(1239)] "Updated viewer count 10.", source: http://faze-web.dev/assets/faze.js (1239)
[25717:1299:0810/112037:INFO:CONSOLE(1239)] "Updated viewer count 10.", source: http://faze-web.dev/assets/faze.js (1239)
[25717:1299:0810/112037:INFO:CONSOLE(1239)] "Updated viewer count 10.", source: http://faze-web.dev/assets/faze.js (1239)
[25717:1299:0810/112037:INFO:CONSOLE(1239)] "Updated viewer count 10.", source: http://faze-web.dev/assets/faze.js (1239)
[25717:1299:0810/112041:INFO:CONSOLE(1461)] "Checking in... Mon Aug 10 2015 11:20:41 GMT-0400 (EDT)", source: http://faze-web.dev/assets/faze.js (1461)
[25717:1299:0810/112041:INFO:CONSOLE(1210)] "Updating everyones status...", source: http://faze-web.dev/assets/faze.js (1210)
[25717:1299:0810/112041:INFO:CONSOLE(1210)] "Updating everyones status...", source: http://faze-web.dev/assets/faze.js (1210)
[25717:1299:0810/112042:INFO:CONSOLE(1210)] "Updating everyones status...", source: http://faze-web.dev/assets/faze.js (1210)
[25717:1299:0810/112042:INFO:CONSOLE(1210)] "Updating everyones status...", source: http://faze-web.dev/assets/faze.js (1210)
[25717:1299:0810/112048:INFO:CONSOLE(1461)] "Checking in... Mon Aug 10 2015 11:20:48 GMT-0400 (EDT)", source: http://faze-web.dev/assets/faze.js (1461)
[25717:1299:0810/112051:INFO:CONSOLE(1210)] "Updating everyones status...", source: http://faze-web.dev/assets/faze.js (1210)
[25717:1299:0810/112051:INFO:CONSOLE(1210)] "Updating everyones status...", source: http://faze-web.dev/assets/faze.js (1210)
[25717:1299:0810/112051:INFO:CONSOLE(1210)] "Updating everyones status...", source: http://faze-web.dev/assets/faze.js (1210)
[25717:1299:0810/112051:INFO:CONSOLE(1210)] "Updating everyones status...", source: http://faze-web.dev/assets/faze.js (1210)
[25717:1299:0810/112054:INFO:CONSOLE(1461)] "Checking in... Mon Aug 10 2015 11:20:54 GMT-0400 (EDT)", source: http://faze-web.dev/assets/faze.js (1461)
[25717:1299:0810/112059:INFO:CONSOLE(1210)] "Updating everyones status...", source: http://faze-web.dev/assets/faze.js (1210)
[25717:1299:0810/112100:INFO:CONSOLE(1210)] "Updating everyones status...", source: http://faze-web.dev/assets/faze.js (1210)
[25717:1299:0810/112100:INFO:CONSOLE(1210)] "Updating everyones status...", source: http://faze-web.dev/assets/faze.js (1210)
[25717:1299:0810/112100:INFO:CONSOLE(1210)] "Updating everyones status...", source: http://faze-web.dev/assets/faze.js (1210)
[25717:1299:0810/112100:INFO:CONSOLE(1461)] "Checking in... Mon Aug 10 2015 11:21:00 GMT-0400 (EDT)", source: http://faze-web.dev/assets/faze.js (1461)
[25717:1299:0810/112106:INFO:CONSOLE(1210)] "Updating everyones status...", source: http://faze-web.dev/assets/faze.js (1210)
[25717:1299:0810/112106:INFO:CONSOLE(1210)] "Updating everyones status...", source: http://faze-web.dev/assets/faze.js (1210)
[25717:1299:0810/112106:INFO:CONSOLE(1210)] "Updating everyones status...", source: http://faze-web.dev/assets/faze.js (1210)
[25717:1299:0810/112106:INFO:CONSOLE(1210)] "Updating everyones status...", source: http://faze-web.dev/assets/faze.js (1210)
[25717:1299:0810/112106:INFO:CONSOLE(1461)] "Checking in... Mon Aug 10 2015 11:21:06 GMT-0400 (EDT)", source: http://faze-web.dev/assets/faze.js (1461)
[25717:1299:0810/112112:INFO:CONSOLE(1461)] "Checking in... Mon Aug 10 2015 11:21:12 GMT-0400 (EDT)", source: http://faze-web.dev/assets/faze.js (1461)
[25717:1299:0810/112115:INFO:CONSOLE(1210)] "Updating everyones status...", source: http://faze-web.dev/assets/faze.js (1210)
[25717:1299:0810/112115:INFO:CONSOLE(1210)] "Updating everyones status...", source: http://faze-web.dev/assets/faze.js (1210)
[25717:1299:0810/112115:INFO:CONSOLE(1210)] "Updating everyones status...", source: http://faze-web.dev/assets/faze.js (1210)
[25717:1299:0810/112115:INFO:CONSOLE(1210)] "Updating everyones status...", source: http://faze-web.dev/assets/faze.js (1210)
[25717:1299:0810/112119:INFO:CONSOLE(1461)] "Checking in... Mon Aug 10 2015 11:21:19 GMT-0400 (EDT)", source: http://faze-web.dev/assets/faze.js (1461)
[25717:1299:0810/112125:INFO:CONSOLE(1210)] "Updating everyones status...", source: http://faze-web.dev/assets/faze.js (1210)
[25717:1299:0810/112125:INFO:CONSOLE(1210)] "Updating everyones status...", source: http://faze-web.dev/assets/faze.js (1210)
[25717:1299:0810/112125:INFO:CONSOLE(1461)] "Checking in... Mon Aug 10 2015 11:21:25 GMT-0400 (EDT)", source: http://faze-web.dev/assets/faze.js (1461)
[25717:1299:0810/112126:INFO:CONSOLE(1210)] "Updating everyones status...", source: http://faze-web.dev/assets/faze.js (1210)
[25717:1299:0810/112126:INFO:CONSOLE(1210)] "Updating everyones status...", source: http://faze-web.dev/assets/faze.js (1210)
[25717:1299:0810/112132:INFO:CONSOLE(1461)] "Checking in... Mon Aug 10 2015 11:21:32 GMT-0400 (EDT)", source: http://faze-web.dev/assets/faze.js (1461)
[25717:1299:0810/112133:INFO:CONSOLE(1210)] "Updating everyones status...", source: http://faze-web.dev/assets/faze.js (1210)
[25717:1299:0810/112133:INFO:CONSOLE(1210)] "Updating everyones status...", source: http://faze-web.dev/assets/faze.js (1210)
[25717:1299:0810/112133:INFO:CONSOLE(1210)] "Updating everyones status...", source: http://faze-web.dev/assets/faze.js (1210)
[25717:1299:0810/112133:INFO:CONSOLE(1210)] "Updating everyones status...", source: http://faze-web.dev/assets/faze.js (1210)
[25717:1299:0810/112138:INFO:CONSOLE(1461)] "Checking in... Mon Aug 10 2015 11:21:38 GMT-0400 (EDT)", source: http://faze-web.dev/assets/faze.js (1461)
[25717:1299:0810/112140:INFO:CONSOLE(1210)] "Updating everyones status...", source: http://faze-web.dev/assets/faze.js (1210)
[25717:1299:0810/112140:INFO:CONSOLE(1210)] "Updating everyones status...", source: http://faze-web.dev/assets/faze.js (1210)
[25717:1299:0810/112141:INFO:CONSOLE(1210)] "Updating everyones status...", source: http://faze-web.dev/assets/faze.js (1210)
[25717:1299:0810/112141:INFO:CONSOLE(1210)] "Updating everyones status...", source: http://faze-web.dev/assets/faze.js (1210)
[25717:1299:0810/112143:INFO:CONSOLE(1239)] "Updated viewer count 9.", source: http://faze-web.dev/assets/faze.js (1239)
[25717:1299:0810/112143:INFO:CONSOLE(1239)] "Updated viewer count 9.", source: http://faze-web.dev/assets/faze.js (1239)
[25717:1299:0810/112143:INFO:CONSOLE(1239)] "Updated viewer count 9.", source: http://faze-web.dev/assets/faze.js (1239)
[25717:1299:0810/112143:INFO:CONSOLE(1239)] "Updated viewer count 9.", source: http://faze-web.dev/assets/faze.js (1239)
[25717:1299:0810/112144:INFO:CONSOLE(1461)] "Checking in... Mon Aug 10 2015 11:21:44 GMT-0400 (EDT)", source: http://faze-web.dev/assets/faze.js (1461)
[25717:1299:0810/112144:INFO:CONSOLE(1239)] "Updated viewer count 8.", source: http://faze-web.dev/assets/faze.js (1239)
[25717:1299:0810/112144:INFO:CONSOLE(1239)] "Updated viewer count 8.", source: http://faze-web.dev/assets/faze.js (1239)
[25717:1299:0810/112144:INFO:CONSOLE(1239)] "Updated viewer count 8.", source: http://faze-web.dev/assets/faze.js (1239)
[25717:1299:0810/112144:INFO:CONSOLE(1239)] "Updated viewer count 8.", source: http://faze-web.dev/assets/faze.js (1239)
[25717:1299:0810/112144:INFO:CONSOLE(89417)] "DEBUG: ", source: http://faze-web.dev/assets/vendor.js (89417)
[25717:1299:0810/112145:INFO:CONSOLE(89417)] "DEBUG: ", source: http://faze-web.dev/assets/vendor.js (89417)
[25717:1299:0810/112146:INFO:CONSOLE(1210)] "Updating everyones status...", source: http://faze-web.dev/assets/faze.js (1210)
[25717:1299:0810/112147:INFO:CONSOLE(1210)] "Updating everyones status...", source: http://faze-web.dev/assets/faze.js (1210)
[25717:1299:0810/112147:INFO:CONSOLE(1210)] "Updating everyones status...", source: http://faze-web.dev/assets/faze.js (1210)
[25717:1299:0810/112147:INFO:CONSOLE(1210)] "Updating everyones status...", source: http://faze-web.dev/assets/faze.js (1210)
[25717:1299:0810/112149:INFO:CONSOLE(1461)] "Checking in... Mon Aug 10 2015 11:21:49 GMT-0400 (EDT)", source: http://faze-web.dev/assets/faze.js (1461)
[25717:1299:0810/112151:INFO:CONSOLE(1239)] "Updated viewer count 7.", source: http://faze-web.dev/assets/faze.js (1239)
[25717:1299:0810/112151:INFO:CONSOLE(1239)] "Updated viewer count 7.", source: http://faze-web.dev/assets/faze.js (1239)
[25717:1299:0810/112151:INFO:CONSOLE(1239)] "Updated viewer count 7.", source: http://faze-web.dev/assets/faze.js (1239)
[25717:1299:0810/112151:INFO:CONSOLE(1239)] "Updated viewer count 7.", source: http://faze-web.dev/assets/faze.js (1239)
[25717:1299:0810/112152:INFO:CONSOLE(1210)] "Updating everyones status...", source: http://faze-web.dev/assets/faze.js (1210)
[25717:1299:0810/112152:INFO:CONSOLE(1210)] "Updating everyones status...", source: http://faze-web.dev/assets/faze.js (1210)
[25717:1299:0810/112152:INFO:CONSOLE(1210)] "Updating everyones status...", source: http://faze-web.dev/assets/faze.js (1210)
[25717:1299:0810/112153:INFO:CONSOLE(1210)] "Updating everyones status...", source: http://faze-web.dev/assets/faze.js (1210)
[25717:1299:0810/112154:INFO:CONSOLE(1461)] "Checking in... Mon Aug 10 2015 11:21:54 GMT-0400 (EDT)", source: http://faze-web.dev/assets/faze.js (1461)
[25717:1299:0810/112159:INFO:CONSOLE(1210)] "Updating everyones status...", source: http://faze-web.dev/assets/faze.js (1210)
[25717:1299:0810/112159:INFO:CONSOLE(1210)] "Updating everyones status...", source: http://faze-web.dev/assets/faze.js (1210)
[25717:1299:0810/112159:INFO:CONSOLE(1210)] "Updating everyones status...", source: http://faze-web.dev/assets/faze.js (1210)
[25717:1299:0810/112159:INFO:CONSOLE(1210)] "Updating everyones status...", source: http://faze-web.dev/assets/faze.js (1210)
[25717:1299:0810/112200:INFO:CONSOLE(1461)] "Checking in... Mon Aug 10 2015 11:22:00 GMT-0400 (EDT)", source: http://faze-web.dev/assets/faze.js (1461)
[25717:1299:0810/112201:INFO:CONSOLE(1239)] "Updated viewer count 6.", source: http://faze-web.dev/assets/faze.js (1239)
[25717:1299:0810/112201:INFO:CONSOLE(1239)] "Updated viewer count 6.", source: http://faze-web.dev/assets/faze.js (1239)
[25717:1299:0810/112201:INFO:CONSOLE(1239)] "Updated viewer count 6.", source: http://faze-web.dev/assets/faze.js (1239)
[25717:1299:0810/112201:INFO:CONSOLE(1239)] "Updated viewer count 6.", source: http://faze-web.dev/assets/faze.js (1239)
[25717:1299:0810/112205:INFO:CONSOLE(1210)] "Updating everyones status...", source: http://faze-web.dev/assets/faze.js (1210)
[25717:1299:0810/112205:INFO:CONSOLE(1210)] "Updating everyones status...", source: http://faze-web.dev/assets/faze.js (1210)
[25717:1299:0810/112205:INFO:CONSOLE(1210)] "Updating everyones status...", source: http://faze-web.dev/assets/faze.js (1210)
[25717:1299:0810/112205:INFO:CONSOLE(1210)] "Updating everyones status...", source: http://faze-web.dev/assets/faze.js (1210)
[25717:1299:0810/112205:INFO:CONSOLE(1461)] "Checking in... Mon Aug 10 2015 11:22:05 GMT-0400 (EDT)", source: http://faze-web.dev/assets/faze.js (1461)
[25717:1299:0810/112210:INFO:CONSOLE(1461)] "Checking in... Mon Aug 10 2015 11:22:10 GMT-0400 (EDT)", source: http://faze-web.dev/assets/faze.js (1461)
[25717:1299:0810/112211:INFO:CONSOLE(1210)] "Updating everyones status...", source: http://faze-web.dev/assets/faze.js (1210)
[25717:1299:0810/112211:INFO:CONSOLE(1210)] "Updating everyones status...", source: http://faze-web.dev/assets/faze.js (1210)
[25717:1299:0810/112211:INFO:CONSOLE(1210)] "Updating everyones status...", source: http://faze-web.dev/assets/faze.js (1210)
[25717:1299:0810/112211:INFO:CONSOLE(1210)] "Updating everyones status...", source: http://faze-web.dev/assets/faze.js (1210)
[25717:1299:0810/112214:INFO:CONSOLE(1239)] "Updated viewer count 5.", source: http://faze-web.dev/assets/faze.js (1239)
[25717:1299:0810/112214:INFO:CONSOLE(1239)] "Updated viewer count 5.", source: http://faze-web.dev/assets/faze.js (1239)
[25717:1299:0810/112214:INFO:CONSOLE(1239)] "Updated viewer count 5.", source: http://faze-web.dev/assets/faze.js (1239)
[25717:1299:0810/112214:INFO:CONSOLE(1239)] "Updated viewer count 5.", source: http://faze-web.dev/assets/faze.js (1239)
[25717:1299:0810/112216:INFO:CONSOLE(1461)] "Checking in... Mon Aug 10 2015 11:22:16 GMT-0400 (EDT)", source: http://faze-web.dev/assets/faze.js (1461)
[25717:1299:0810/112217:INFO:CONSOLE(1210)] "Updating everyones status...", source: http://faze-web.dev/assets/faze.js (1210)
[25717:1299:0810/112217:INFO:CONSOLE(1210)] "Updating everyones status...", source: http://faze-web.dev/assets/faze.js (1210)
[25717:1299:0810/112217:INFO:CONSOLE(1210)] "Updating everyones status...", source: http://faze-web.dev/assets/faze.js (1210)
[25717:1299:0810/112217:INFO:CONSOLE(1210)] "Updating everyones status...", source: http://faze-web.dev/assets/faze.js (1210)
[25717:1299:0810/112221:INFO:CONSOLE(1461)] "Checking in... Mon Aug 10 2015 11:22:21 GMT-0400 (EDT)", source: http://faze-web.dev/assets/faze.js (1461)
[25717:1299:0810/112222:INFO:CONSOLE(1210)] "Updating everyones status...", source: http://faze-web.dev/assets/faze.js (1210)
[25717:1299:0810/112223:INFO:CONSOLE(1210)] "Updating everyones status...", source: http://faze-web.dev/assets/faze.js (1210)
[25717:1299:0810/112223:INFO:CONSOLE(1210)] "Updating everyones status...", source: http://faze-web.dev/assets/faze.js (1210)
[25717:1299:0810/112223:INFO:CONSOLE(1210)] "Updating everyones status...", source: http://faze-web.dev/assets/faze.js (1210)
[25717:1299:0810/112226:INFO:CONSOLE(1461)] "Checking in... Mon Aug 10 2015 11:22:26 GMT-0400 (EDT)", source: http://faze-web.dev/assets/faze.js (1461)
[25717:1299:0810/112228:INFO:CONSOLE(1239)] "Updated viewer count 4.", source: http://faze-web.dev/assets/faze.js (1239)
[25717:1299:0810/112228:INFO:CONSOLE(1239)] "Updated viewer count 4.", source: http://faze-web.dev/assets/faze.js (1239)
[25717:1299:0810/112228:INFO:CONSOLE(1239)] "Updated viewer count 4.", source: http://faze-web.dev/assets/faze.js (1239)
[25717:1299:0810/112228:INFO:CONSOLE(1239)] "Updated viewer count 4.", source: http://faze-web.dev/assets/faze.js (1239)
[25717:1299:0810/112228:INFO:CONSOLE(1210)] "Updating everyones status...", source: http://faze-web.dev/assets/faze.js (1210)
[25717:1299:0810/112228:INFO:CONSOLE(1210)] "Updating everyones status...", source: http://faze-web.dev/assets/faze.js (1210)
[25717:1299:0810/112228:INFO:CONSOLE(1210)] "Updating everyones status...", source: http://faze-web.dev/assets/faze.js (1210)
[25717:1299:0810/112228:INFO:CONSOLE(1210)] "Updating everyones status...", source: http://faze-web.dev/assets/faze.js (1210)
[25717:1299:0810/112231:INFO:CONSOLE(1461)] "Checking in... Mon Aug 10 2015 11:22:31 GMT-0400 (EDT)", source: http://faze-web.dev/assets/faze.js (1461)
[25717:1299:0810/112234:INFO:CONSOLE(1210)] "Updating everyones status...", source: http://faze-web.dev/assets/faze.js (1210)
[25717:1299:0810/112234:INFO:CONSOLE(1210)] "Updating everyones status...", source: http://faze-web.dev/assets/faze.js (1210)
[25717:1299:0810/112234:INFO:CONSOLE(1210)] "Updating everyones status...", source: http://faze-web.dev/assets/faze.js (1210)
[25717:1299:0810/112234:INFO:CONSOLE(1210)] "Updating everyones status...", source: http://faze-web.dev/assets/faze.js (1210)
[25717:1299:0810/112236:INFO:CONSOLE(1461)] "Checking in... Mon Aug 10 2015 11:22:36 GMT-0400 (EDT)", source: http://faze-web.dev/assets/faze.js (1461)
[25717:1299:0810/112239:INFO:CONSOLE(1210)] "Updating everyones status...", source: http://faze-web.dev/assets/faze.js (1210)
[25717:1299:0810/112239:INFO:CONSOLE(1210)] "Updating everyones status...", source: http://faze-web.dev/assets/faze.js (1210)
[25717:1299:0810/112239:INFO:CONSOLE(1210)] "Updating everyones status...", source: http://faze-web.dev/assets/faze.js (1210)
[25717:1299:0810/112239:INFO:CONSOLE(1210)] "Updating everyones status...", source: http://faze-web.dev/assets/faze.js (1210)
[25717:1299:0810/112242:INFO:CONSOLE(1461)] "Checking in... Mon Aug 10 2015 11:22:42 GMT-0400 (EDT)", source: http://faze-web.dev/assets/faze.js (1461)
[25717:1299:0810/112245:INFO:CONSOLE(1210)] "Updating everyones status...", source: http://faze-web.dev/assets/faze.js (1210)
[25717:1299:0810/112245:INFO:CONSOLE(4451)] "Deanna Kim is now waiting.", source: http://faze-web.dev/assets/faze.js (4451)
[25717:1299:0810/112245:INFO:CONSOLE(4502)] "Deanna Kim is now 12 in line and stream is destroyed.", source: http://faze-web.dev/assets/faze.js (4502)
[25717:1299:0810/112245:INFO:CONSOLE(4451)] "Armando Campbell is now waiting.", source: http://faze-web.dev/assets/faze.js (4451)
[25717:1299:0810/112245:INFO:CONSOLE(4502)] "Armando Campbell is now 12 in line and stream is destroyed.", source: http://faze-web.dev/assets/faze.js (4502)
[25717:1299:0810/112245:INFO:CONSOLE(1407)] "Currently chatting has changed!", source: http://faze-web.dev/assets/faze.js (1407)
[25717:1299:0810/112245:INFO:CONSOLE(1220)] "CURRENTLY CHATTING CHANGED!", source: http://faze-web.dev/assets/faze.js (1220)
[25717:1299:0810/112245:INFO:CONSOLE(1210)] "Updating everyones status...", source: http://faze-web.dev/assets/faze.js (1210)
[25717:1299:0810/112245:INFO:CONSOLE(1210)] "Updating everyones status...", source: http://faze-web.dev/assets/faze.js (1210)
[25717:1299:0810/112245:INFO:CONSOLE(1210)] "Updating everyones status...", source: http://faze-web.dev/assets/faze.js (1210)
[25717:1299:0810/112246:INFO:CONSOLE(1239)] "Updated viewer count 3.", source: http://faze-web.dev/assets/faze.js (1239)
[25717:1299:0810/112246:INFO:CONSOLE(1239)] "Updated viewer count 3.", source: http://faze-web.dev/assets/faze.js (1239)
[25717:1299:0810/112246:INFO:CONSOLE(1239)] "Updated viewer count 3.", source: http://faze-web.dev/assets/faze.js (1239)
[25717:1299:0810/112246:INFO:CONSOLE(1239)] "Updated viewer count 3.", source: http://faze-web.dev/assets/faze.js (1239)
[25733:16151:0810/112247:WARNING:channel.cc(549)] Failed to send message to ack remove remote endpoint (local ID 1, remote ID 1)
[25733:16151:0810/112247:WARNING:channel.cc(315)] RawChannel write error
